<?xml version="1.0" encoding="utf-8"?>
<TestRun id="ed3da65d-889e-4be2-a05a-9554fd59dfe6" name="Haris Khalid@DESKTOP-VB86OA5 2021-02-16 16:53:09" runUser="DESKTOP-VB86OA5\Haris Khalid" xmlns="http://microsoft.com/schemas/VisualStudio/TeamTest/2010">
  <Times creation="2021-02-16T16:53:09.5923525+05:00" queuing="2021-02-16T16:53:09.5923525+05:00" start="2021-02-16T16:50:05.9309337+05:00" finish="2021-02-16T16:53:09.9101540+05:00" />
  <TestSettings name="default" id="30559fe8-0320-4e1e-b6ef-79714e6379a6">
    <Deployment runDeploymentRoot="Haris_Khalid_DESKTOP-VB86OA5_2021-02-16_16_53_09" />
  </TestSettings>
  <Results>
    <UnitTestResult executionId="4384b3f8-dd73-44f6-bb45-4fcbadb59fae" testId="13c66765-5078-63d9-0559-ca80b634a680" testName="TestCase" computerName="DESKTOP-VB86OA5" duration="00:03:00.0564706" startTime="2021-02-16T16:50:07.6543559+05:00" endTime="2021-02-16T16:53:08.1454983+05:00" testType="13cdc9d9-ddb5-4fa4-a97d-d965ccfc6d4b" outcome="Passed" testListId="8c84fa94-04c1-424b-9868-57a2d4851a1d" relativeResultsDirectory="4384b3f8-dd73-44f6-bb45-4fcbadb59fae" resultType="DataDrivenTest">
      <InnerResults>
        <UnitTestResult executionId="95f1a1e9-0dee-4acc-b8b3-829af9f251ac" parentExecutionId="4384b3f8-dd73-44f6-bb45-4fcbadb59fae" testId="13c66765-5078-63d9-0559-ca80b634a680" testName="TestCase (Data Row 0)" computerName="DESKTOP-VB86OA5" duration="00:01:07.9741263" startTime="2021-02-16T16:50:07.6543559+05:00" endTime="2021-02-16T16:53:08.1454983+05:00" testType="13cdc9d9-ddb5-4fa4-a97d-d965ccfc6d4b" outcome="Passed" testListId="8c84fa94-04c1-424b-9868-57a2d4851a1d" relativeResultsDirectory="95f1a1e9-0dee-4acc-b8b3-829af9f251ac" dataRowInfo="1" resultType="DataDrivenDataRow" />
        <UnitTestResult executionId="d770318a-6afd-4738-8553-896faa5f3e75" parentExecutionId="4384b3f8-dd73-44f6-bb45-4fcbadb59fae" testId="13c66765-5078-63d9-0559-ca80b634a680" testName="TestCase (Data Row 1)" computerName="DESKTOP-VB86OA5" duration="00:00:34.6778007" startTime="2021-02-16T16:50:07.6543559+05:00" endTime="2021-02-16T16:53:08.1454983+05:00" testType="13cdc9d9-ddb5-4fa4-a97d-d965ccfc6d4b" outcome="Passed" testListId="8c84fa94-04c1-424b-9868-57a2d4851a1d" relativeResultsDirectory="d770318a-6afd-4738-8553-896faa5f3e75" dataRowInfo="2" resultType="DataDrivenDataRow" />
        <UnitTestResult executionId="70186fab-30ad-4808-808a-7b07fb85b00c" parentExecutionId="4384b3f8-dd73-44f6-bb45-4fcbadb59fae" testId="13c66765-5078-63d9-0559-ca80b634a680" testName="TestCase (Data Row 2)" computerName="DESKTOP-VB86OA5" duration="00:00:40.1246638" startTime="2021-02-16T16:50:07.6543559+05:00" endTime="2021-02-16T16:53:08.1454983+05:00" testType="13cdc9d9-ddb5-4fa4-a97d-d965ccfc6d4b" outcome="Passed" testListId="8c84fa94-04c1-424b-9868-57a2d4851a1d" relativeResultsDirectory="70186fab-30ad-4808-808a-7b07fb85b00c" dataRowInfo="3" resultType="DataDrivenDataRow" />
        <UnitTestResult executionId="064ed718-5711-4616-9a21-133b99a74f53" parentExecutionId="4384b3f8-dd73-44f6-bb45-4fcbadb59fae" testId="13c66765-5078-63d9-0559-ca80b634a680" testName="TestCase (Data Row 3)" computerName="DESKTOP-VB86OA5" duration="00:00:34.8610887" startTime="2021-02-16T16:50:07.6543559+05:00" endTime="2021-02-16T16:53:08.1454983+05:00" testType="13cdc9d9-ddb5-4fa4-a97d-d965ccfc6d4b" outcome="Passed" testListId="8c84fa94-04c1-424b-9868-57a2d4851a1d" relativeResultsDirectory="064ed718-5711-4616-9a21-133b99a74f53" dataRowInfo="4" resultType="DataDrivenDataRow" />
      </InnerResults>
    </UnitTestResult>
  </Results>
  <TestDefinitions>
    <UnitTest name="TestCase" storage="c:\users\haris khalid\source\repos\softwaretesting_selenium\softwaretesting_selenium\bin\debug\softwaretesting_selenium.dll" id="13c66765-5078-63d9-0559-ca80b634a680">
      <TestCategory>
        <TestCategoryItem TestCategory="DataDriven" />
      </TestCategory>
      <Execution id="4384b3f8-dd73-44f6-bb45-4fcbadb59fae" />
      <TestMethod codeBase="C:\Users\Haris Khalid\source\repos\SoftwareTesting_Selenium\SoftwareTesting_Selenium\bin\Debug\SoftwareTesting_Selenium.dll" adapterTypeName="executor://mstestadapter/v2" className="SoftwareTesting_Selenium.LinkedInAutomation" name="TestCase" />
    </UnitTest>
  </TestDefinitions>
  <TestEntries>
    <TestEntry testId="13c66765-5078-63d9-0559-ca80b634a680" executionId="4384b3f8-dd73-44f6-bb45-4fcbadb59fae" testListId="8c84fa94-04c1-424b-9868-57a2d4851a1d" />
  </TestEntries>
  <TestLists>
    <TestList name="Results Not in a List" id="8c84fa94-04c1-424b-9868-57a2d4851a1d" />
    <TestList name="All Loaded Results" id="19431567-8539-422a-85d7-44ee4e166bda" />
  </TestLists>
  <ResultSummary outcome="Completed">
    <Counters total="5" executed="5" passed="5" failed="0" error="0" timeout="0" aborted="0" inconclusive="0" passedButRunAborted="0" notRunnable="0" notExecuted="0" disconnected="0" warning="0" completed="0" inProgress="0" pending="0" />
  </ResultSummary>
</TestRun>